<?xml version="1.0" encoding="UTF-8"?>
<!-- Generated by org.testng.reporters.JUnitReportReporter -->
<testsuite skipped="0" hostname="DESKTOP-33TILLP" name="LearningMaven.PracticeMavenProject.Maven1Test" tests="1" failures="0" timestamp="19 Mar 2022 13:41:49 GMT" time="16.454" errors="0">
  <testcase name="f" time="16.454" classname="LearningMaven.PracticeMavenProject.Maven1Test"/>
</testsuite> <!-- LearningMaven.PracticeMavenProject.Maven1Test -->
