<?xml version="1.0" encoding="UTF-8"?>
<!-- Generated by org.testng.reporters.JUnitReportReporter -->
<testsuite skipped="0" hostname="DESKTOP-33TILLP" name="LearningMaven.PracticeMavenProject.Question6mock3TNG" tests="1" failures="0" timestamp="27 Feb 2020 14:15:18 GMT" time="1.662" errors="0">
  <testcase name="f" time="1.662" classname="LearningMaven.PracticeMavenProject.Question6mock3TNG"/>
</testsuite> <!-- LearningMaven.PracticeMavenProject.Question6mock3TNG -->
