<?xml version="1.0" encoding="UTF-8"?>
<!-- Generated by org.testng.reporters.JUnitReportReporter -->
<testsuite skipped="0" hostname="DESKTOP-33TILLP" name="LearningMaven.PracticeMavenProject.MavenTest2" tests="1" failures="0" timestamp="27 Feb 2020 14:24:23 GMT" time="2.085" errors="0">
  <testcase name="f1" time="2.085" classname="LearningMaven.PracticeMavenProject.MavenTest2"/>
</testsuite> <!-- LearningMaven.PracticeMavenProject.MavenTest2 -->
