<?xml version="1.0" encoding="UTF-8"?>
<!-- Generated by org.testng.reporters.JUnitReportReporter -->
<testsuite skipped="0" hostname="DESKTOP-33TILLP" name="LearningMaven.PracticeMavenProject.MavenTest" tests="1" failures="0" timestamp="27 Feb 2020 15:44:47 GMT" time="19.916" errors="0">
  <testcase name="f" time="19.916" classname="LearningMaven.PracticeMavenProject.MavenTest"/>
</testsuite> <!-- LearningMaven.PracticeMavenProject.MavenTest -->
