<?xml version="1.0" encoding="UTF-8"?>
<!-- Generated by org.testng.reporters.JUnitReportReporter -->
<testsuite skipped="0" hostname="DESKTOP-33TILLP" name="LearningMaven.PracticeMavenProject.Maven4Test" tests="1" failures="0" timestamp="29 Apr 2020 11:06:09 GMT" time="1.968" errors="0">
  <testcase name="f4" time="1.968" classname="LearningMaven.PracticeMavenProject.Maven4Test"/>
</testsuite> <!-- LearningMaven.PracticeMavenProject.Maven4Test -->
